[2025-01-10T03:07:40.426+0000] {local_task_job_runner.py:123} INFO - ::group::Pre task execution logs
[2025-01-10T03:07:40.506+0000] {taskinstance.py:2613} INFO - Dependencies all met for dep_context=non-requeueable deps ti=<TaskInstance: data_processing.adzuna_data_extraction manual__2025-01-10T03:07:33.204121+00:00 [queued]>
[2025-01-10T03:07:40.509+0000] {taskinstance.py:2613} INFO - Dependencies all met for dep_context=requeueable deps ti=<TaskInstance: data_processing.adzuna_data_extraction manual__2025-01-10T03:07:33.204121+00:00 [queued]>
[2025-01-10T03:07:40.509+0000] {taskinstance.py:2866} INFO - Starting attempt 1 of 1
[2025-01-10T03:07:40.516+0000] {taskinstance.py:2889} INFO - Executing <Task(PythonOperator): adzuna_data_extraction> on 2025-01-10 03:07:33.204121+00:00
[2025-01-10T03:07:40.521+0000] {standard_task_runner.py:72} INFO - Started process 8879 to run task
[2025-01-10T03:07:40.534+0000] {standard_task_runner.py:104} INFO - Running: ['airflow', 'tasks', 'run', 'data_processing', 'adzuna_data_extraction', 'manual__2025-01-10T03:07:33.204121+00:00', '--job-id', '41', '--raw', '--subdir', 'DAGS_FOLDER/job_market_dag.py', '--cfg-path', '/tmp/tmpgx9fpbq9']
[2025-01-10T03:07:40.535+0000] {standard_task_runner.py:105} INFO - Job 41: Subtask adzuna_data_extraction
[2025-01-10T03:07:40.561+0000] {task_command.py:467} INFO - Running <TaskInstance: data_processing.adzuna_data_extraction manual__2025-01-10T03:07:33.204121+00:00 [running]> on host bun
[2025-01-10T03:07:40.592+0000] {taskinstance.py:3132} INFO - Exporting env vars: AIRFLOW_CTX_DAG_OWNER='admin' AIRFLOW_CTX_DAG_ID='data_processing' AIRFLOW_CTX_TASK_ID='adzuna_data_extraction' AIRFLOW_CTX_EXECUTION_DATE='2025-01-10T03:07:33.204121+00:00' AIRFLOW_CTX_TRY_NUMBER='1' AIRFLOW_CTX_DAG_RUN_ID='manual__2025-01-10T03:07:33.204121+00:00'
[2025-01-10T03:07:40.593+0000] {logging_mixin.py:190} INFO - Task instance is in running state
[2025-01-10T03:07:40.594+0000] {logging_mixin.py:190} INFO -  Previous state of the Task instance: queued
[2025-01-10T03:07:40.594+0000] {logging_mixin.py:190} INFO - Current task name:adzuna_data_extraction state:running start_date:2025-01-10 03:07:40.507074+00:00
[2025-01-10T03:07:40.594+0000] {logging_mixin.py:190} INFO - Dag name:data_processing and current dag run status:running
[2025-01-10T03:07:40.594+0000] {taskinstance.py:731} INFO - ::endgroup::
[2025-01-10T03:07:41.154+0000] {logging_mixin.py:190} INFO - Emplois Comptabilité et Finance 
[2025-01-10T03:07:41.161+0000] {logging_mixin.py:190} INFO - --Page : 1--
[2025-01-10T03:07:42.459+0000] {logging_mixin.py:190} INFO - --Page : 2--
[2025-01-10T03:07:43.852+0000] {logging_mixin.py:190} INFO - --Page : 3--
[2025-01-10T03:07:45.302+0000] {logging_mixin.py:190} INFO - Fichier Adzuna_Jobs_listing.csv créé
[2025-01-10T03:07:45.302+0000] {python.py:240} INFO - Done. Returned value was: None
[2025-01-10T03:07:45.311+0000] {taskinstance.py:340} INFO - ::group::Post task execution logs
[2025-01-10T03:07:45.311+0000] {taskinstance.py:352} INFO - Marking task as SUCCESS. dag_id=data_processing, task_id=adzuna_data_extraction, run_id=manual__2025-01-10T03:07:33.204121+00:00, execution_date=20250110T030733, start_date=20250110T030740, end_date=20250110T030745
[2025-01-10T03:07:45.317+0000] {logging_mixin.py:190} INFO - Task instance in success state
[2025-01-10T03:07:45.317+0000] {logging_mixin.py:190} INFO -  Previous state of the Task instance: running
[2025-01-10T03:07:45.317+0000] {logging_mixin.py:190} INFO - Dag name:data_processing queued_at:2025-01-10 03:07:33.211104+00:00
[2025-01-10T03:07:45.317+0000] {logging_mixin.py:190} INFO - Task hostname:bun operator:PythonOperator
[2025-01-10T03:07:45.334+0000] {local_task_job_runner.py:266} INFO - Task exited with return code 0
[2025-01-10T03:07:45.355+0000] {taskinstance.py:3895} INFO - 1 downstream tasks scheduled from follow-on schedule check
[2025-01-10T03:07:45.357+0000] {local_task_job_runner.py:245} INFO - ::endgroup::
