[2025-01-10T04:28:15.762+0000] {local_task_job_runner.py:123} INFO - ::group::Pre task execution logs
[2025-01-10T04:28:15.810+0000] {taskinstance.py:2613} INFO - Dependencies all met for dep_context=non-requeueable deps ti=<TaskInstance: data_processing.data_transform manual__2025-01-10T04:28:04.207284+00:00 [queued]>
[2025-01-10T04:28:15.812+0000] {taskinstance.py:2613} INFO - Dependencies all met for dep_context=requeueable deps ti=<TaskInstance: data_processing.data_transform manual__2025-01-10T04:28:04.207284+00:00 [queued]>
[2025-01-10T04:28:15.813+0000] {taskinstance.py:2866} INFO - Starting attempt 1 of 1
[2025-01-10T04:28:15.819+0000] {taskinstance.py:2889} INFO - Executing <Task(DockerOperator): data_transform> on 2025-01-10 04:28:04.207284+00:00
[2025-01-10T04:28:15.821+0000] {standard_task_runner.py:72} INFO - Started process 24545 to run task
[2025-01-10T04:28:15.823+0000] {standard_task_runner.py:104} INFO - Running: ['airflow', 'tasks', 'run', 'data_processing', 'data_transform', 'manual__2025-01-10T04:28:04.207284+00:00', '--job-id', '49', '--raw', '--subdir', 'DAGS_FOLDER/job_market_dag.py', '--cfg-path', '/tmp/tmpawk_c84m']
[2025-01-10T04:28:15.824+0000] {standard_task_runner.py:105} INFO - Job 49: Subtask data_transform
[2025-01-10T04:28:15.844+0000] {task_command.py:467} INFO - Running <TaskInstance: data_processing.data_transform manual__2025-01-10T04:28:04.207284+00:00 [running]> on host bun
[2025-01-10T04:28:15.872+0000] {taskinstance.py:3132} INFO - Exporting env vars: AIRFLOW_CTX_DAG_OWNER='admin' AIRFLOW_CTX_DAG_ID='data_processing' AIRFLOW_CTX_TASK_ID='data_transform' AIRFLOW_CTX_EXECUTION_DATE='2025-01-10T04:28:04.207284+00:00' AIRFLOW_CTX_TRY_NUMBER='1' AIRFLOW_CTX_DAG_RUN_ID='manual__2025-01-10T04:28:04.207284+00:00'
[2025-01-10T04:28:15.873+0000] {logging_mixin.py:190} INFO - Task instance is in running state
[2025-01-10T04:28:15.873+0000] {logging_mixin.py:190} INFO -  Previous state of the Task instance: queued
[2025-01-10T04:28:15.873+0000] {logging_mixin.py:190} INFO - Current task name:data_transform state:running start_date:2025-01-10 04:28:15.810744+00:00
[2025-01-10T04:28:15.873+0000] {logging_mixin.py:190} INFO - Dag name:data_processing and current dag run status:running
[2025-01-10T04:28:15.873+0000] {taskinstance.py:731} INFO - ::endgroup::
[2025-01-10T04:28:15.907+0000] {docker.py:345} INFO - Starting docker container from image adzuna_data_transform:v2
[2025-01-10T04:28:18.469+0000] {docker.py:69} INFO - 25/01/10 04:28:18 WARN NativeCodeLoader: Unable to load native-hadoop library for your platform... using builtin-java classes where applicable
[2025-01-10T04:28:18.568+0000] {docker.py:69} INFO - Setting default log level to "WARN".
[2025-01-10T04:28:18.569+0000] {docker.py:69} INFO - To adjust logging level use sc.setLogLevel(newLevel). For SparkR, use setLogLevel(newLevel).
[2025-01-10T04:28:25.939+0000] {docker.py:69} INFO - [Stage 2:>                  (0 + 1) / 1][Stage 3:>                  (0 + 0) / 1]
[2025-01-10T04:28:26.945+0000] {docker.py:69} INFO - [Stage 2:===================(1 + 0) / 1][Stage 3:>                  (0 + 1) / 1]
[2025-01-10T04:28:27.149+0000] {docker.py:69} INFO - [Stage 3:>                                                          (0 + 1) / 1]
[2025-01-10T04:28:28.348+0000] {docker.py:69} INFO - [Stage 5:>                                                          (0 + 1) / 1]
[2025-01-10T04:28:28.436+0000] {docker.py:69} INFO - 
[2025-01-10T04:28:29.355+0000] {docker.py:69} INFO - [Stage 7:=============================>                             (1 + 1) / 2]
[2025-01-10T04:28:29.865+0000] {docker.py:69} INFO - 
[2025-01-10T04:28:30.247+0000] {taskinstance.py:340} INFO - ::group::Post task execution logs
[2025-01-10T04:28:30.248+0000] {taskinstance.py:352} INFO - Marking task as SUCCESS. dag_id=data_processing, task_id=data_transform, run_id=manual__2025-01-10T04:28:04.207284+00:00, execution_date=20250110T042804, start_date=20250110T042815, end_date=20250110T042830
[2025-01-10T04:28:30.254+0000] {logging_mixin.py:190} INFO - Task instance in success state
[2025-01-10T04:28:30.254+0000] {logging_mixin.py:190} INFO -  Previous state of the Task instance: running
[2025-01-10T04:28:30.254+0000] {logging_mixin.py:190} INFO - Dag name:data_processing queued_at:2025-01-10 04:28:04.230454+00:00
[2025-01-10T04:28:30.254+0000] {logging_mixin.py:190} INFO - Task hostname:bun operator:DockerOperator
[2025-01-10T04:28:30.264+0000] {local_task_job_runner.py:266} INFO - Task exited with return code 0
[2025-01-10T04:28:30.285+0000] {taskinstance.py:3895} INFO - 0 downstream tasks scheduled from follow-on schedule check
[2025-01-10T04:28:30.286+0000] {local_task_job_runner.py:245} INFO - ::endgroup::
