[2025-01-11T06:16:12.171+0000] {local_task_job_runner.py:123} INFO - ::group::Pre task execution logs
[2025-01-11T06:16:12.176+0000] {taskinstance.py:2613} INFO - Dependencies all met for dep_context=non-requeueable deps ti=<TaskInstance: data_processing.france_travail_data_extraction manual__2025-01-11T06:15:42.887241+00:00 [queued]>
[2025-01-11T06:16:12.178+0000] {taskinstance.py:2613} INFO - Dependencies all met for dep_context=requeueable deps ti=<TaskInstance: data_processing.france_travail_data_extraction manual__2025-01-11T06:15:42.887241+00:00 [queued]>
[2025-01-11T06:16:12.179+0000] {taskinstance.py:2866} INFO - Starting attempt 1 of 1
[2025-01-11T06:16:12.187+0000] {taskinstance.py:2889} INFO - Executing <Task(DockerOperator): france_travail_data_extraction> on 2025-01-11 06:15:42.887241+00:00
[2025-01-11T06:16:12.221+0000] {standard_task_runner.py:72} INFO - Started process 152366 to run task
[2025-01-11T06:16:12.228+0000] {standard_task_runner.py:104} INFO - Running: ['airflow', 'tasks', 'run', 'data_processing', 'france_travail_data_extraction', 'manual__2025-01-11T06:15:42.887241+00:00', '--job-id', '76', '--raw', '--subdir', 'DAGS_FOLDER/dev_job_market_dag.py', '--cfg-path', '/tmp/tmpfsa9q0wn']
[2025-01-11T06:16:12.229+0000] {standard_task_runner.py:105} INFO - Job 76: Subtask france_travail_data_extraction
[2025-01-11T06:16:12.260+0000] {task_command.py:467} INFO - Running <TaskInstance: data_processing.france_travail_data_extraction manual__2025-01-11T06:15:42.887241+00:00 [running]> on host bun
[2025-01-11T06:16:12.323+0000] {taskinstance.py:3132} INFO - Exporting env vars: AIRFLOW_CTX_DAG_OWNER='admin' AIRFLOW_CTX_DAG_ID='data_processing' AIRFLOW_CTX_TASK_ID='france_travail_data_extraction' AIRFLOW_CTX_EXECUTION_DATE='2025-01-11T06:15:42.887241+00:00' AIRFLOW_CTX_TRY_NUMBER='1' AIRFLOW_CTX_DAG_RUN_ID='manual__2025-01-11T06:15:42.887241+00:00'
[2025-01-11T06:16:12.325+0000] {logging_mixin.py:190} INFO - Task instance is in running state
[2025-01-11T06:16:12.325+0000] {logging_mixin.py:190} INFO -  Previous state of the Task instance: queued
[2025-01-11T06:16:12.325+0000] {logging_mixin.py:190} INFO - Current task name:france_travail_data_extraction state:running start_date:2025-01-11 06:16:12.176346+00:00
[2025-01-11T06:16:12.325+0000] {logging_mixin.py:190} INFO - Dag name:data_processing and current dag run status:running
[2025-01-11T06:16:12.325+0000] {taskinstance.py:731} INFO - ::endgroup::
[2025-01-11T06:16:12.486+0000] {docker.py:345} INFO - Starting docker container from image aurel_extract_dock:v3
[2025-01-11T06:16:14.057+0000] {taskinstance.py:340} INFO - ::group::Post task execution logs
[2025-01-11T06:16:14.057+0000] {taskinstance.py:352} INFO - Marking task as SUCCESS. dag_id=data_processing, task_id=france_travail_data_extraction, run_id=manual__2025-01-11T06:15:42.887241+00:00, execution_date=20250111T061542, start_date=20250111T061612, end_date=20250111T061614
[2025-01-11T06:16:14.062+0000] {logging_mixin.py:190} INFO - Task instance in success state
[2025-01-11T06:16:14.062+0000] {logging_mixin.py:190} INFO -  Previous state of the Task instance: running
[2025-01-11T06:16:14.062+0000] {logging_mixin.py:190} INFO - Dag name:data_processing queued_at:2025-01-11 06:15:42.920311+00:00
[2025-01-11T06:16:14.062+0000] {logging_mixin.py:190} INFO - Task hostname:bun operator:DockerOperator
[2025-01-11T06:16:14.107+0000] {local_task_job_runner.py:266} INFO - Task exited with return code 0
[2025-01-11T06:16:14.115+0000] {taskinstance.py:3895} INFO - 1 downstream tasks scheduled from follow-on schedule check
[2025-01-11T06:16:14.118+0000] {local_task_job_runner.py:245} INFO - ::endgroup::
