[2025-01-10T02:47:17.269+0000] {local_task_job_runner.py:123} INFO - ::group::Pre task execution logs
[2025-01-10T02:47:17.353+0000] {taskinstance.py:2613} INFO - Dependencies all met for dep_context=non-requeueable deps ti=<TaskInstance: data_processing.data_transform manual__2025-01-10T02:46:56.391431+00:00 [queued]>
[2025-01-10T02:47:17.356+0000] {taskinstance.py:2613} INFO - Dependencies all met for dep_context=requeueable deps ti=<TaskInstance: data_processing.data_transform manual__2025-01-10T02:46:56.391431+00:00 [queued]>
[2025-01-10T02:47:17.356+0000] {taskinstance.py:2866} INFO - Starting attempt 1 of 1
[2025-01-10T02:47:17.363+0000] {taskinstance.py:2889} INFO - Executing <Task(DockerOperator): data_transform> on 2025-01-10 02:46:56.391431+00:00
[2025-01-10T02:47:17.372+0000] {standard_task_runner.py:72} INFO - Started process 4465 to run task
[2025-01-10T02:47:17.374+0000] {standard_task_runner.py:104} INFO - Running: ['airflow', 'tasks', 'run', 'data_processing', 'data_transform', 'manual__2025-01-10T02:46:56.391431+00:00', '--job-id', '36', '--raw', '--subdir', 'DAGS_FOLDER/job_market_pipeline.py', '--cfg-path', '/tmp/tmpp7xg1pd9']
[2025-01-10T02:47:17.375+0000] {standard_task_runner.py:105} INFO - Job 36: Subtask data_transform
[2025-01-10T02:47:17.402+0000] {task_command.py:467} INFO - Running <TaskInstance: data_processing.data_transform manual__2025-01-10T02:46:56.391431+00:00 [running]> on host bun
[2025-01-10T02:47:17.434+0000] {taskinstance.py:3132} INFO - Exporting env vars: AIRFLOW_CTX_DAG_OWNER='admin' AIRFLOW_CTX_DAG_ID='data_processing' AIRFLOW_CTX_TASK_ID='data_transform' AIRFLOW_CTX_EXECUTION_DATE='2025-01-10T02:46:56.391431+00:00' AIRFLOW_CTX_TRY_NUMBER='1' AIRFLOW_CTX_DAG_RUN_ID='manual__2025-01-10T02:46:56.391431+00:00'
[2025-01-10T02:47:17.435+0000] {logging_mixin.py:190} INFO - Task instance is in running state
[2025-01-10T02:47:17.435+0000] {logging_mixin.py:190} INFO -  Previous state of the Task instance: queued
[2025-01-10T02:47:17.435+0000] {logging_mixin.py:190} INFO - Current task name:data_transform state:running start_date:2025-01-10 02:47:17.353716+00:00
[2025-01-10T02:47:17.435+0000] {logging_mixin.py:190} INFO - Dag name:data_processing and current dag run status:running
[2025-01-10T02:47:17.436+0000] {taskinstance.py:731} INFO - ::endgroup::
[2025-01-10T02:47:17.470+0000] {docker.py:345} INFO - Starting docker container from image adzuna_data_transform:v1
[2025-01-10T02:47:18.730+0000] {docker.py:69} INFO - 25/01/10 02:47:18 WARN NativeCodeLoader: Unable to load native-hadoop library for your platform... using builtin-java classes where applicable
[2025-01-10T02:47:18.829+0000] {docker.py:69} INFO - Setting default log level to "WARN".
[2025-01-10T02:47:18.829+0000] {docker.py:69} INFO - To adjust logging level use sc.setLogLevel(newLevel). For SparkR, use setLogLevel(newLevel).
[2025-01-10T02:47:23.752+0000] {docker.py:69} INFO - [Stage 2:>                  (0 + 1) / 1][Stage 3:>                  (0 + 0) / 1]
[2025-01-10T02:47:24.352+0000] {docker.py:69} INFO - [Stage 3:>                                                          (0 + 1) / 1]
[2025-01-10T02:47:24.614+0000] {docker.py:69} INFO - 
[2025-01-10T02:47:25.607+0000] {taskinstance.py:340} INFO - ::group::Post task execution logs
[2025-01-10T02:47:25.608+0000] {taskinstance.py:352} INFO - Marking task as SUCCESS. dag_id=data_processing, task_id=data_transform, run_id=manual__2025-01-10T02:46:56.391431+00:00, execution_date=20250110T024656, start_date=20250110T024717, end_date=20250110T024725
[2025-01-10T02:47:25.613+0000] {logging_mixin.py:190} INFO - Task instance in success state
[2025-01-10T02:47:25.613+0000] {logging_mixin.py:190} INFO -  Previous state of the Task instance: running
[2025-01-10T02:47:25.613+0000] {logging_mixin.py:190} INFO - Dag name:data_processing queued_at:2025-01-10 02:46:56.417022+00:00
[2025-01-10T02:47:25.613+0000] {logging_mixin.py:190} INFO - Task hostname:bun operator:DockerOperator
[2025-01-10T02:47:25.641+0000] {local_task_job_runner.py:266} INFO - Task exited with return code 0
[2025-01-10T02:47:25.657+0000] {taskinstance.py:3895} INFO - 0 downstream tasks scheduled from follow-on schedule check
[2025-01-10T02:47:25.658+0000] {local_task_job_runner.py:245} INFO - ::endgroup::
