[2025-01-10T03:07:51.819+0000] {local_task_job_runner.py:123} INFO - ::group::Pre task execution logs
[2025-01-10T03:07:51.875+0000] {taskinstance.py:2613} INFO - Dependencies all met for dep_context=non-requeueable deps ti=<TaskInstance: data_processing.data_transform manual__2025-01-10T03:07:33.204121+00:00 [queued]>
[2025-01-10T03:07:51.877+0000] {taskinstance.py:2613} INFO - Dependencies all met for dep_context=requeueable deps ti=<TaskInstance: data_processing.data_transform manual__2025-01-10T03:07:33.204121+00:00 [queued]>
[2025-01-10T03:07:51.878+0000] {taskinstance.py:2866} INFO - Starting attempt 1 of 1
[2025-01-10T03:07:51.884+0000] {taskinstance.py:2889} INFO - Executing <Task(DockerOperator): data_transform> on 2025-01-10 03:07:33.204121+00:00
[2025-01-10T03:07:51.887+0000] {standard_task_runner.py:72} INFO - Started process 8905 to run task
[2025-01-10T03:07:51.890+0000] {standard_task_runner.py:104} INFO - Running: ['airflow', 'tasks', 'run', 'data_processing', 'data_transform', 'manual__2025-01-10T03:07:33.204121+00:00', '--job-id', '42', '--raw', '--subdir', 'DAGS_FOLDER/job_market_dag.py', '--cfg-path', '/tmp/tmp37ulzzxi']
[2025-01-10T03:07:51.890+0000] {standard_task_runner.py:105} INFO - Job 42: Subtask data_transform
[2025-01-10T03:07:51.909+0000] {task_command.py:467} INFO - Running <TaskInstance: data_processing.data_transform manual__2025-01-10T03:07:33.204121+00:00 [running]> on host bun
[2025-01-10T03:07:51.943+0000] {taskinstance.py:3132} INFO - Exporting env vars: AIRFLOW_CTX_DAG_OWNER='admin' AIRFLOW_CTX_DAG_ID='data_processing' AIRFLOW_CTX_TASK_ID='data_transform' AIRFLOW_CTX_EXECUTION_DATE='2025-01-10T03:07:33.204121+00:00' AIRFLOW_CTX_TRY_NUMBER='1' AIRFLOW_CTX_DAG_RUN_ID='manual__2025-01-10T03:07:33.204121+00:00'
[2025-01-10T03:07:51.944+0000] {logging_mixin.py:190} INFO - Task instance is in running state
[2025-01-10T03:07:51.944+0000] {logging_mixin.py:190} INFO -  Previous state of the Task instance: queued
[2025-01-10T03:07:51.944+0000] {logging_mixin.py:190} INFO - Current task name:data_transform state:running start_date:2025-01-10 03:07:51.875723+00:00
[2025-01-10T03:07:51.944+0000] {logging_mixin.py:190} INFO - Dag name:data_processing and current dag run status:running
[2025-01-10T03:07:51.944+0000] {taskinstance.py:731} INFO - ::endgroup::
[2025-01-10T03:07:51.968+0000] {docker.py:345} INFO - Starting docker container from image adzuna_data_transform:v2
[2025-01-10T03:07:54.399+0000] {docker.py:69} INFO - 25/01/10 03:07:54 WARN NativeCodeLoader: Unable to load native-hadoop library for your platform... using builtin-java classes where applicable
[2025-01-10T03:07:54.517+0000] {docker.py:69} INFO - Setting default log level to "WARN".
[2025-01-10T03:07:54.518+0000] {docker.py:69} INFO - To adjust logging level use sc.setLogLevel(newLevel). For SparkR, use setLogLevel(newLevel).
[2025-01-10T03:07:59.723+0000] {docker.py:69} INFO - [Stage 2:>                  (0 + 1) / 1][Stage 3:>                  (0 + 0) / 1]
[2025-01-10T03:08:00.527+0000] {docker.py:69} INFO - [Stage 2:>                  (0 + 1) / 1][Stage 3:>                  (0 + 1) / 1]
[2025-01-10T03:08:00.725+0000] {docker.py:69} INFO - [Stage 3:>                                                          (0 + 1) / 1]
[2025-01-10T03:08:00.899+0000] {docker.py:69} INFO - 
[2025-01-10T03:08:01.729+0000] {docker.py:69} INFO - [Stage 7:=============================>                             (1 + 1) / 2]
[2025-01-10T03:08:01.776+0000] {docker.py:69} INFO - 
[2025-01-10T03:08:02.054+0000] {taskinstance.py:340} INFO - ::group::Post task execution logs
[2025-01-10T03:08:02.054+0000] {taskinstance.py:352} INFO - Marking task as SUCCESS. dag_id=data_processing, task_id=data_transform, run_id=manual__2025-01-10T03:07:33.204121+00:00, execution_date=20250110T030733, start_date=20250110T030751, end_date=20250110T030802
[2025-01-10T03:08:02.065+0000] {logging_mixin.py:190} INFO - Task instance in success state
[2025-01-10T03:08:02.065+0000] {logging_mixin.py:190} INFO -  Previous state of the Task instance: running
[2025-01-10T03:08:02.065+0000] {logging_mixin.py:190} INFO - Dag name:data_processing queued_at:2025-01-10 03:07:33.211104+00:00
[2025-01-10T03:08:02.065+0000] {logging_mixin.py:190} INFO - Task hostname:bun operator:DockerOperator
[2025-01-10T03:08:02.102+0000] {local_task_job_runner.py:266} INFO - Task exited with return code 0
[2025-01-10T03:08:02.111+0000] {taskinstance.py:3895} INFO - 0 downstream tasks scheduled from follow-on schedule check
[2025-01-10T03:08:02.111+0000] {local_task_job_runner.py:245} INFO - ::endgroup::
