[2025-01-10T03:06:11.006+0000] {local_task_job_runner.py:123} INFO - ::group::Pre task execution logs
[2025-01-10T03:06:11.090+0000] {taskinstance.py:2613} INFO - Dependencies all met for dep_context=non-requeueable deps ti=<TaskInstance: data_processing.adzuna_data_extraction manual__2025-01-10T03:05:57.544074+00:00 [queued]>
[2025-01-10T03:06:11.092+0000] {taskinstance.py:2613} INFO - Dependencies all met for dep_context=requeueable deps ti=<TaskInstance: data_processing.adzuna_data_extraction manual__2025-01-10T03:05:57.544074+00:00 [queued]>
[2025-01-10T03:06:11.092+0000] {taskinstance.py:2866} INFO - Starting attempt 1 of 1
[2025-01-10T03:06:11.100+0000] {taskinstance.py:2889} INFO - Executing <Task(PythonOperator): adzuna_data_extraction> on 2025-01-10 03:05:57.544074+00:00
[2025-01-10T03:06:11.107+0000] {standard_task_runner.py:72} INFO - Started process 8624 to run task
[2025-01-10T03:06:11.111+0000] {standard_task_runner.py:104} INFO - Running: ['airflow', 'tasks', 'run', 'data_processing', 'adzuna_data_extraction', 'manual__2025-01-10T03:05:57.544074+00:00', '--job-id', '39', '--raw', '--subdir', 'DAGS_FOLDER/job_market_dag.py', '--cfg-path', '/tmp/tmp8grfw1f2']
[2025-01-10T03:06:11.111+0000] {standard_task_runner.py:105} INFO - Job 39: Subtask adzuna_data_extraction
[2025-01-10T03:06:11.137+0000] {task_command.py:467} INFO - Running <TaskInstance: data_processing.adzuna_data_extraction manual__2025-01-10T03:05:57.544074+00:00 [running]> on host bun
[2025-01-10T03:06:11.165+0000] {taskinstance.py:3132} INFO - Exporting env vars: AIRFLOW_CTX_DAG_OWNER='admin' AIRFLOW_CTX_DAG_ID='data_processing' AIRFLOW_CTX_TASK_ID='adzuna_data_extraction' AIRFLOW_CTX_EXECUTION_DATE='2025-01-10T03:05:57.544074+00:00' AIRFLOW_CTX_TRY_NUMBER='1' AIRFLOW_CTX_DAG_RUN_ID='manual__2025-01-10T03:05:57.544074+00:00'
[2025-01-10T03:06:11.166+0000] {logging_mixin.py:190} INFO - Task instance is in running state
[2025-01-10T03:06:11.166+0000] {logging_mixin.py:190} INFO -  Previous state of the Task instance: queued
[2025-01-10T03:06:11.166+0000] {logging_mixin.py:190} INFO - Current task name:adzuna_data_extraction state:running start_date:2025-01-10 03:06:11.090356+00:00
[2025-01-10T03:06:11.166+0000] {logging_mixin.py:190} INFO - Dag name:data_processing and current dag run status:running
[2025-01-10T03:06:11.166+0000] {taskinstance.py:731} INFO - ::endgroup::
[2025-01-10T03:06:11.722+0000] {logging_mixin.py:190} INFO - Emplois Comptabilité et Finance 
[2025-01-10T03:06:11.723+0000] {logging_mixin.py:190} INFO - --Page : 1--
[2025-01-10T03:06:13.058+0000] {logging_mixin.py:190} INFO - --Page : 2--
[2025-01-10T03:06:14.350+0000] {logging_mixin.py:190} INFO - --Page : 3--
[2025-01-10T03:06:15.710+0000] {logging_mixin.py:190} INFO - Fichier Adzuna_Jobs_listing.csv créé
[2025-01-10T03:06:15.711+0000] {python.py:240} INFO - Done. Returned value was: None
[2025-01-10T03:06:15.722+0000] {taskinstance.py:340} INFO - ::group::Post task execution logs
[2025-01-10T03:06:15.723+0000] {taskinstance.py:352} INFO - Marking task as SUCCESS. dag_id=data_processing, task_id=adzuna_data_extraction, run_id=manual__2025-01-10T03:05:57.544074+00:00, execution_date=20250110T030557, start_date=20250110T030611, end_date=20250110T030615
[2025-01-10T03:06:15.739+0000] {logging_mixin.py:190} INFO - Task instance in success state
[2025-01-10T03:06:15.739+0000] {logging_mixin.py:190} INFO -  Previous state of the Task instance: running
[2025-01-10T03:06:15.740+0000] {logging_mixin.py:190} INFO - Dag name:data_processing queued_at:2025-01-10 03:05:57.558012+00:00
[2025-01-10T03:06:15.740+0000] {logging_mixin.py:190} INFO - Task hostname:bun operator:PythonOperator
[2025-01-10T03:06:15.786+0000] {local_task_job_runner.py:266} INFO - Task exited with return code 0
[2025-01-10T03:06:15.814+0000] {taskinstance.py:3895} INFO - 1 downstream tasks scheduled from follow-on schedule check
[2025-01-10T03:06:15.816+0000] {local_task_job_runner.py:245} INFO - ::endgroup::
