[2025-01-11T00:48:19.680+0000] {local_task_job_runner.py:123} INFO - ::group::Pre task execution logs
[2025-01-11T00:48:19.684+0000] {taskinstance.py:2613} INFO - Dependencies all met for dep_context=non-requeueable deps ti=<TaskInstance: data_processing.france_travail_data_transform manual__2025-01-11T00:47:22.512324+00:00 [queued]>
[2025-01-11T00:48:19.687+0000] {taskinstance.py:2613} INFO - Dependencies all met for dep_context=requeueable deps ti=<TaskInstance: data_processing.france_travail_data_transform manual__2025-01-11T00:47:22.512324+00:00 [queued]>
[2025-01-11T00:48:19.687+0000] {taskinstance.py:2866} INFO - Starting attempt 1 of 1
[2025-01-11T00:48:19.693+0000] {taskinstance.py:2889} INFO - Executing <Task(PythonOperator): france_travail_data_transform> on 2025-01-11 00:47:22.512324+00:00
[2025-01-11T00:48:19.700+0000] {standard_task_runner.py:72} INFO - Started process 77043 to run task
[2025-01-11T00:48:19.703+0000] {standard_task_runner.py:104} INFO - Running: ['airflow', 'tasks', 'run', 'data_processing', 'france_travail_data_transform', 'manual__2025-01-11T00:47:22.512324+00:00', '--job-id', '63', '--raw', '--subdir', 'DAGS_FOLDER/job_market_dag.py', '--cfg-path', '/tmp/tmpsyjr5ezp']
[2025-01-11T00:48:19.704+0000] {standard_task_runner.py:105} INFO - Job 63: Subtask france_travail_data_transform
[2025-01-11T00:48:19.727+0000] {task_command.py:467} INFO - Running <TaskInstance: data_processing.france_travail_data_transform manual__2025-01-11T00:47:22.512324+00:00 [running]> on host bun
[2025-01-11T00:48:19.762+0000] {taskinstance.py:3132} INFO - Exporting env vars: AIRFLOW_CTX_DAG_OWNER='admin' AIRFLOW_CTX_DAG_ID='data_processing' AIRFLOW_CTX_TASK_ID='france_travail_data_transform' AIRFLOW_CTX_EXECUTION_DATE='2025-01-11T00:47:22.512324+00:00' AIRFLOW_CTX_TRY_NUMBER='1' AIRFLOW_CTX_DAG_RUN_ID='manual__2025-01-11T00:47:22.512324+00:00'
[2025-01-11T00:48:19.763+0000] {logging_mixin.py:190} INFO - Task instance is in running state
[2025-01-11T00:48:19.763+0000] {logging_mixin.py:190} INFO -  Previous state of the Task instance: queued
[2025-01-11T00:48:19.763+0000] {logging_mixin.py:190} INFO - Current task name:france_travail_data_transform state:running start_date:2025-01-11 00:48:19.685054+00:00
[2025-01-11T00:48:19.763+0000] {logging_mixin.py:190} INFO - Dag name:data_processing and current dag run status:running
[2025-01-11T00:48:19.763+0000] {taskinstance.py:731} INFO - ::endgroup::
[2025-01-11T00:48:20.062+0000] {python.py:240} INFO - Done. Returned value was: None
[2025-01-11T00:48:20.067+0000] {taskinstance.py:340} INFO - ::group::Post task execution logs
[2025-01-11T00:48:20.067+0000] {taskinstance.py:352} INFO - Marking task as SUCCESS. dag_id=data_processing, task_id=france_travail_data_transform, run_id=manual__2025-01-11T00:47:22.512324+00:00, execution_date=20250111T004722, start_date=20250111T004819, end_date=20250111T004820
[2025-01-11T00:48:20.071+0000] {logging_mixin.py:190} INFO - Task instance in success state
[2025-01-11T00:48:20.072+0000] {logging_mixin.py:190} INFO -  Previous state of the Task instance: running
[2025-01-11T00:48:20.072+0000] {logging_mixin.py:190} INFO - Dag name:data_processing queued_at:2025-01-11 00:47:22.590989+00:00
[2025-01-11T00:48:20.072+0000] {logging_mixin.py:190} INFO - Task hostname:bun operator:PythonOperator
[2025-01-11T00:48:20.080+0000] {local_task_job_runner.py:266} INFO - Task exited with return code 0
[2025-01-11T00:48:20.086+0000] {taskinstance.py:3895} INFO - 0 downstream tasks scheduled from follow-on schedule check
[2025-01-11T00:48:20.087+0000] {local_task_job_runner.py:245} INFO - ::endgroup::
